2025-10-14 14:02:39, MOVE, v:1, k:poo@roupa, mode:PICK
2025-10-14 14:02:40, EXEC, v:1, k:poo@roupa, mode:FULL, rate:0, size:33
2025-10-14 14:02:51, EXEC, v:1, k:poo@roupa, mode:FULL, rate:0
2025-10-14 14:03:24, EXEC, v:1, k:poo@roupa, mode:FREE, size:32
2025-10-14 14:11:58, MOVE, v:1, k:poo@roupa, mode:PICK
2025-10-14 14:12:00, EXEC, v:1, k:poo@roupa, mode:FULL, rate:0, size:33
2025-10-14 14:12:51, EXEC, v:1, k:poo@roupa, mode:FULL, rate:0, size:33
2025-10-14 14:13:18, EXEC, v:1, k:poo@roupa, mode:FULL, rate:0, size:33
2025-10-14 14:13:32, EXEC, v:1, k:poo@roupa, mode:FULL, rate:0, size:33
2025-10-14 14:13:35, MOVE, v:1, k:poo@roupa, mode:BACK
2025-10-14 14:13:36, MOVE, v:1, k:poo@roupa, mode:PICK
2025-10-14 14:13:38, EXEC, v:1, k:poo@roupa, mode:FULL, rate:0
2025-10-14 14:13:45, EXEC, v:1, k:poo@roupa, mode:FULL, rate:0, size:34
2025-10-14 14:14:02, EXEC, v:1, k:poo@roupa, mode:FULL, rate:0, size:36
2025-10-14 14:16:08, EXEC, v:1, k:poo@roupa, mode:FULL, rate:0, size:37
2025-10-14 14:16:44, EXEC, v:1, k:poo@roupa, mode:FULL, rate:0, size:37
2025-10-14 14:18:28, EXEC, v:1, k:poo@roupa, mode:FULL, rate:0, size:39
2025-10-14 14:18:32, EXEC, v:1, k:poo@roupa, mode:FULL, rate:0
2025-10-14 14:19:50, EXEC, v:1, k:poo@roupa, mode:FULL, rate:0
2025-10-14 14:21:58, EXEC, v:1, k:poo@roupa, mode:FULL, rate:0, size:39
2025-10-14 14:22:03, EXEC, v:1, k:poo@roupa, mode:FULL, rate:0, size:40
2025-10-14 14:22:05, EXEC, v:1, k:poo@roupa, mode:FULL, rate:0
2025-10-14 14:23:00, EXEC, v:1, k:poo@roupa, mode:FULL, rate:0, size:39
2025-10-14 14:23:23, EXEC, v:1, k:poo@roupa, mode:FULL, rate:0, size:40
2025-10-14 14:23:34, EXEC, v:1, k:poo@roupa, mode:FULL, rate:0, size:40
2025-10-14 14:27:05, EXEC, v:1, k:poo@roupa, mode:FULL, rate:0, size:41
2025-10-14 14:27:12, EXEC, v:1, k:poo@roupa, mode:FULL, rate:0
2025-10-14 14:27:27, EXEC, v:1, k:poo@roupa, mode:FULL, rate:0, size:41
2025-10-14 14:28:52, EXEC, v:1, k:poo@roupa, mode:FULL, rate:0, size:41
2025-10-14 14:30:11, MOVE, v:1, k:poo@roupa, mode:PICK
2025-10-14 14:30:12, EXEC, v:1, k:poo@roupa, mode:FULL, rate:0
2025-10-14 14:30:39, EXEC, v:1, k:poo@roupa, mode:FULL, rate:0, size:40
2025-10-14 14:31:06, MOVE, v:1, k:poo@roupa, mode:PICK
2025-10-14 14:31:07, EXEC, v:1, k:poo@roupa, mode:FULL, rate:0, size:40
2025-10-14 14:31:08, EXEC, v:1, k:poo@roupa, mode:FULL, rate:0
2025-10-14 14:31:12, EXEC, v:1, k:poo@roupa, mode:FULL, rate:0
2025-10-14 14:31:26, EXEC, v:1, k:poo@roupa, mode:FULL, rate:0, size:41
2025-10-14 14:31:53, EXEC, v:1, k:poo@roupa, mode:FULL, rate:0, size:41
2025-10-14 14:32:01, EXEC, v:1, k:poo@roupa, mode:FULL, rate:0, size:41
2025-10-14 14:32:25, EXEC, v:1, k:poo@roupa, mode:FULL, rate:0, size:41
2025-10-14 14:32:40, EXEC, v:1, k:poo@roupa, mode:FULL, rate:0, size:41
2025-10-14 14:33:21, EXEC, v:1, k:poo@roupa, mode:FULL, rate:0, size:41
2025-10-14 14:34:22, EXEC, v:1, k:poo@roupa, mode:FULL, rate:0, size:40
2025-10-14 14:35:16, EXEC, v:1, k:poo@roupa, mode:FULL, rate:0, size:40
2025-10-14 14:35:33, EXEC, v:1, k:poo@roupa, mode:FULL, rate:0, size:40
2025-10-14 14:35:41, EXEC, v:1, k:poo@roupa, mode:FULL, rate:0, size:40
2025-10-14 14:36:01, EXEC, v:1, k:poo@roupa, mode:FULL, rate:0, size:40
2025-10-14 14:36:40, EXEC, v:1, k:poo@roupa, mode:FULL, rate:0
2025-10-14 14:37:07, EXEC, v:1, k:poo@roupa, mode:FULL, rate:0, size:41
2025-10-14 14:37:16, EXEC, v:1, k:poo@roupa, mode:FULL, rate:0, size:41
2025-10-14 14:38:03, EXEC, v:1, k:poo@roupa, mode:FULL, rate:0, size:41
2025-10-14 14:38:11, EXEC, v:1, k:poo@roupa, mode:FULL, rate:0, size:41
2025-10-14 14:38:17, MOVE, v:1, k:poo@roupa, mode:PICK
2025-10-14 14:38:21, EXEC, v:1, k:poo@roupa, mode:FULL, rate:0, size:41
2025-10-14 14:41:16, EXEC, v:1, k:poo@roupa, mode:FULL, rate:0, size:40
2025-10-14 14:41:49, EXEC, v:1, k:poo@roupa, mode:FULL, rate:0, size:42
2025-10-14 14:42:02, EXEC, v:1, k:poo@roupa, mode:FULL, rate:0, size:42
2025-10-14 14:42:10, EXEC, v:1, k:poo@roupa, mode:FULL, rate:0, size:42
2025-10-14 14:42:21, EXEC, v:1, k:poo@roupa, mode:FULL, rate:0, size:41
2025-10-14 14:43:07, EXEC, v:1, k:poo@roupa, mode:FULL, rate:0, size:41
2025-10-14 14:43:08, EXEC, v:1, k:poo@roupa, mode:FULL, rate:0
2025-10-14 14:43:09, EXEC, v:1, k:poo@roupa, mode:FULL, rate:0
2025-10-14 14:43:09, EXEC, v:1, k:poo@roupa, mode:FULL, rate:0
2025-10-14 14:43:10, EXEC, v:1, k:poo@roupa, mode:FULL, rate:0
2025-10-14 14:43:16, EXEC, v:1, k:poo@roupa, mode:FULL, rate:0
2025-10-14 14:43:47, EXEC, v:1, k:poo@roupa, mode:FULL, rate:0, size:41
2025-10-14 14:44:11, EXEC, v:1, k:poo@roupa, mode:FULL, rate:0, size:41
2025-10-14 14:44:37, EXEC, v:1, k:poo@roupa, mode:FULL, rate:100, size:41
2025-10-14 14:47:21, EXEC, v:1, k:poo@roupa, mode:FULL, rate:100
2025-10-14 14:47:23, EXEC, v:1, k:poo@roupa, mode:FULL, rate:100
2025-10-14 14:50:13, EXEC, v:1, k:poo@roupa, mode:FULL, rate:100
2025-10-14 14:50:14, EXEC, v:1, k:poo@roupa, mode:FULL, rate:100
2025-10-14 14:51:37, MOVE, v:1, k:poo@roupa, mode:BACK
2025-10-14 14:53:11, SELF, v:1, k:poo@roupa, rate:100, iagen:_, alone:10, study:150
2025-10-14 14:53:20, MOVE, v:1, k:poo@relogio, mode:DOWN
2025-10-14 14:53:46, MOVE, v:1, k:poo@relogio, mode:PICK
2025-10-14 14:53:48, EXEC, v:1, k:poo@relogio, mode:FULL, rate:0, size:0
2025-10-14 15:21:07, EXEC, v:1, k:poo@relogio, mode:FULL, rate:0, size:41
2025-10-14 15:21:29, EXEC, v:1, k:poo@relogio, mode:FULL, rate:0, size:42
2025-10-14 15:21:47, EXEC, v:1, k:poo@relogio, mode:FULL, rate:0, size:43
2025-10-14 15:22:30, EXEC, v:1, k:poo@relogio, mode:FULL, rate:0
2025-10-14 15:23:20, EXEC, v:1, k:poo@relogio, mode:FULL, rate:0, size:44
2025-10-14 15:23:33, EXEC, v:1, k:poo@relogio, mode:FULL, rate:0
2025-10-14 15:24:37, EXEC, v:1, k:poo@relogio, mode:FULL, rate:0, size:46
2025-10-14 15:24:44, EXEC, v:1, k:poo@relogio, mode:FULL, rate:0
2025-10-14 15:24:58, EXEC, v:1, k:poo@relogio, mode:FULL, rate:0, size:46
2025-10-14 15:25:58, EXEC, v:1, k:poo@relogio, mode:FULL, rate:0, size:46
2025-10-14 15:26:46, EXEC, v:1, k:poo@relogio, mode:FULL, rate:0, size:47
2025-10-14 15:27:16, EXEC, v:1, k:poo@relogio, mode:FULL, rate:0, size:47
2025-10-14 15:27:19, EXEC, v:1, k:poo@relogio, mode:FULL, rate:0
2025-10-14 15:27:39, EXEC, v:1, k:poo@relogio, mode:FULL, rate:0, size:47
2025-10-14 15:28:12, EXEC, v:1, k:poo@relogio, mode:FULL, rate:0, size:47
2025-10-14 15:28:35, EXEC, v:1, k:poo@relogio, mode:FULL, rate:0
2025-10-14 15:28:44, EXEC, v:1, k:poo@relogio, mode:FULL, rate:0
2025-10-14 15:30:09, EXEC, v:1, k:poo@relogio, mode:FULL, rate:7, size:47
2025-10-14 15:32:07, EXEC, v:1, k:poo@relogio, mode:FULL, rate:7
2025-10-14 15:34:54, EXEC, v:1, k:poo@relogio, mode:FULL, rate:7, size:47
2025-10-14 15:35:49, EXEC, v:1, k:poo@relogio, mode:FULL, rate:0, size:47
2025-10-14 15:37:30, EXEC, v:1, k:poo@relogio, mode:FULL, rate:7, size:47
2025-10-14 15:44:18, EXEC, v:1, k:poo@relogio, mode:FULL, rate:7, size:54
2025-10-14 15:45:26, EXEC, v:1, k:poo@relogio, mode:FULL, rate:7, size:54
2025-10-14 15:48:43, EXEC, v:1, k:poo@relogio, mode:FULL, rate:61, size:54
2025-10-14 15:51:28, EXEC, v:1, k:poo@relogio, mode:FULL, rate:61
2025-10-14 15:54:28, EXEC, v:1, k:poo@relogio, mode:FULL, rate:0, size:55
2025-10-14 15:54:39, EXEC, v:1, k:poo@relogio, mode:FULL, rate:61, size:54
2025-10-14 18:52:40, MOVE, v:1, k:poo@relogio, mode:PICK
2025-10-14 18:52:44, EXEC, v:1, k:poo@relogio, mode:FULL, rate:0, size:57
2025-10-14 18:52:45, EXEC, v:1, k:poo@relogio, mode:FULL, rate:0
2025-10-14 18:52:57, EXEC, v:1, k:poo@relogio, mode:FULL, rate:0, size:58
2025-10-14 18:53:04, EXEC, v:1, k:poo@relogio, mode:FULL, rate:61, size:55
2025-10-14 18:58:14, EXEC, v:1, k:poo@relogio, mode:FULL, rate:0, size:59
2025-10-14 19:00:20, EXEC, v:1, k:poo@relogio, mode:FULL, rate:0, size:59
2025-10-14 19:02:00, EXEC, v:1, k:poo@relogio, mode:FULL, rate:0, size:60
2025-10-14 19:02:32, EXEC, v:1, k:poo@relogio, mode:FULL, rate:61, size:60
2025-10-14 19:03:13, EXEC, v:1, k:poo@relogio, mode:FULL, rate:61, size:59
2025-10-14 19:03:45, EXEC, v:1, k:poo@relogio, mode:FULL, rate:61, size:59
2025-10-14 19:03:52, EXEC, v:1, k:poo@relogio, mode:FULL, rate:61
2025-10-14 19:04:48, EXEC, v:1, k:poo@relogio, mode:FULL, rate:61, size:59
2025-10-14 19:05:35, EXEC, v:1, k:poo@relogio, mode:FULL, rate:61
2025-10-14 19:07:00, EXEC, v:1, k:poo@relogio, mode:FULL, rate:61, size:59
2025-10-14 19:29:17, MOVE, v:1, k:poo@relogio, mode:PICK
2025-10-14 19:29:18, EXEC, v:1, k:poo@relogio, mode:FULL, rate:0, size:68
2025-10-14 19:29:19, EXEC, v:1, k:poo@relogio, mode:FULL, rate:0
2025-10-14 19:29:45, EXEC, v:1, k:poo@relogio, mode:FULL, rate:61, size:55
2025-10-14 19:29:51, EXEC, v:1, k:poo@relogio, mode:FULL, rate:61
2025-10-14 19:29:51, EXEC, v:1, k:poo@relogio, mode:FULL, rate:61
2025-10-14 19:29:51, EXEC, v:1, k:poo@relogio, mode:FULL, rate:61
2025-10-14 19:30:20, MOVE, v:1, k:poo@relogio, mode:BACK
2025-10-14 19:30:32, MOVE, v:1, k:poo@motoca, mode:DOWN
